C51 COMPILER V9.57.0.0   MAIN                                                              12/21/2024 14:24:12 PAGE 1   


C51 COMPILER V9.57.0.0, COMPILATION OF MODULE MAIN
OBJECT MODULE PLACED IN .\Objects\main.obj
COMPILER INVOKED BY: E:\Keil_v5\C51\BIN\C51.EXE main.c OPTIMIZE(8,SPEED) BROWSE DEBUG OBJECTEXTEND PRINT(.\Listings\main
                    -.lst) OBJECT(.\Objects\main.obj)

line level    source

   1          #include <reg51.h>
   2          #include <INTRINS.H>
   3          
   4          void delay(unsigned int time);
   5          int main(){
   6   1          P0 = 0xfd;
   7   1          while(1){
   8   2      //        P0 = _crol_(P0,1);
   9   2              delay(500);
  10   2          }
  11   1      }
  12          void delay(unsigned int time){
  13   1                      unsigned int i, j;
  14   1                      for (i = 0; i < time; i++) {
  15   2              for (j = 0; j < 123; j++) {
  16   3                                              
  17   3              }
  18   2          }
  19   1      }


MODULE INFORMATION:   STATIC OVERLAYABLE
   CODE SIZE        =     44    ----
   CONSTANT SIZE    =   ----    ----
   XDATA SIZE       =   ----    ----
   PDATA SIZE       =   ----    ----
   DATA SIZE        =   ----    ----
   IDATA SIZE       =   ----    ----
   BIT SIZE         =   ----    ----
END OF MODULE INFORMATION.


C51 COMPILATION COMPLETE.  0 WARNING(S),  0 ERROR(S)
