C51 COMPILER V9.57.0.0   MAIN                                                              11/06/2024 17:52:35 PAGE 1   


C51 COMPILER V9.57.0.0, COMPILATION OF MODULE MAIN
OBJECT MODULE PLACED IN .\Objects\main.obj
COMPILER INVOKED BY: E:\Keil_v5\C51\BIN\C51.EXE main.c OPTIMIZE(8,SPEED) BROWSE DEBUG OBJECTEXTEND PRINT(.\Listings\main
                    -.lst) OBJECT(.\Objects\main.obj)

line level    source

   1          #include <REGX52.H>
   2          #include <INTRINS.H>
   3          unsigned char code ShowNum[] = {
   4              0xC0, // 0
   5              0xF9, // 1
   6              0xA4, // 2
   7              0xB0, // 3
   8              0x99, // 4
   9              0x92, // 5
  10              0x82, // 6
  11              0xF8, // 7
  12              0x80, // 8
  13              0x90, // 9
  14              0x88, // A
  15              0x83, // B
  16              0xC6, // C
  17              0xA1, // D
  18              0x86, // E
  19              0x8E  // F
  20          };/*
  21          数码表编码对应关系：
  22            0: 0xC0
  23            1: 0xF9
  24            2: 0xA4
  25            3: 0xB0
  26            4: 0x99
  27            5: 0x92
  28            6: 0x82
  29            7: 0xF8
  30            8: 0x80
  31            9: 0x90
  32          */
  33          unsigned int button_cnt = 0;
  34          
  35          void delay_ms(unsigned int time);
  36          sbit key = P3^2;
  37          // 外部中断0服务程序
  38          void int0() interrupt 0 {
  39   1          if (!key) {  // 检测按键按下
  40   2              button_cnt += 1;  // 计数加1
  41   2              button_cnt = button_cnt & 0x0F;  // 保证计数在0-15之间循环
  42   2              delay_ms(100);  // 延时用于按键去抖动
  43   2          }
  44   1      }
  45          void main()
  46          {
  47   1              unsigned int j;
  48   1              P2 = 0x01;  // 初始化P2口
  49   1              
  50   1              EA = 1; 
  51   1          IT0 = 1;  
  52   1          EX0 = 1;  
  53   1              
  54   1              while(1)
C51 COMPILER V9.57.0.0   MAIN                                                              11/06/2024 17:52:35 PAGE 2   

  55   1              {
  56   2                      for(j = 0; j < 8; j++)
  57   2                      {
  58   3                              P2 = 0x01;  // 重新初始化P2，开始选通第一个数码管
  59   3                              P2 = _crol_(P2, j);  // 循环左移，选通相应的数码管
  60   3                              P3_7 = 1;  // 产生锁存信号，高电平
  61   3                              P3_7 = 0;  // 锁存信号恢复为低电平
  62   3      
  63   3                              P2 = ShowNum[button_cnt];  // 显示编码，输出到P2口
  64   3                              P3_6 = 1;  // 产生显示信号，高电平
  65   3                              P3_6 = 0;  // 显示信号恢复为低电平
  66   3                              delay_ms(1);  // 短延时实现视觉暂留效果
  67   3                      }
  68   2              }
  69   1      }
  70          
  71          void delay_ms(unsigned int time)
  72          {
  73   1              unsigned int i, j;
  74   1              for (i = 0; i < time; i++) 
  75   1              {
  76   2                      for (j = 0; j < 123; j++) 
  77   2                      {
  78   3                              // 空循环，用于产生延时
  79   3                      }
  80   2              }
  81   1      }


MODULE INFORMATION:   STATIC OVERLAYABLE
   CODE SIZE        =    192    ----
   CONSTANT SIZE    =     16    ----
   XDATA SIZE       =   ----    ----
   PDATA SIZE       =   ----    ----
   DATA SIZE        =      2       2
   IDATA SIZE       =   ----    ----
   BIT SIZE         =   ----    ----
END OF MODULE INFORMATION.


C51 COMPILATION COMPLETE.  0 WARNING(S),  0 ERROR(S)
