C51 COMPILER V9.57.0.0   DELAY                                                             11/13/2024 15:11:03 PAGE 1   


C51 COMPILER V9.57.0.0, COMPILATION OF MODULE DELAY
OBJECT MODULE PLACED IN .\Objects\delay.obj
COMPILER INVOKED BY: E:\Keil_v5\C51\BIN\C51.EXE delay.c OPTIMIZE(8,SPEED) BROWSE DEBUG OBJECTEXTEND PRINT(.\Listings\del
                    -ay.lst) OBJECT(.\Objects\delay.obj)

line level    source

   1          #include <reg52.h>
   2          // 延时函数，确保LCD稳定
   3          void delay_ms(unsigned int times)
   4          {
   5   1          unsigned int i, j;
   6   1          for (i = 0; i < times; i++) {
   7   2              for (j = 0; j < 120; j++) {  // 调整循环次数以提高延时精度
   8   3                  // 空循环，用于产生延时
   9   3              }
  10   2          }
  11   1      }
  12          


MODULE INFORMATION:   STATIC OVERLAYABLE
   CODE SIZE        =     32    ----
   CONSTANT SIZE    =   ----    ----
   XDATA SIZE       =   ----    ----
   PDATA SIZE       =   ----    ----
   DATA SIZE        =   ----    ----
   IDATA SIZE       =   ----    ----
   BIT SIZE         =   ----    ----
END OF MODULE INFORMATION.


C51 COMPILATION COMPLETE.  0 WARNING(S),  0 ERROR(S)
