C51 COMPILER V9.57.0.0   LCD1602                                                           11/13/2024 15:15:50 PAGE 1   


C51 COMPILER V9.57.0.0, COMPILATION OF MODULE LCD1602
OBJECT MODULE PLACED IN .\Objects\lcd1602.obj
COMPILER INVOKED BY: E:\Keil_v5\C51\BIN\C51.EXE lcd1602.c OPTIMIZE(8,SPEED) BROWSE DEBUG OBJECTEXTEND PRINT(.\Listings\l
                    -cd1602.lst) OBJECT(.\Objects\lcd1602.obj)

line level    source

   1          #include <reg52.h>
   2          #include <lcd1602.h>
   3          sbit rs = P1^0;  // RS (Register Select)
   4          sbit rw = P1^1;  // RW (Read/Write)
   5          sbit e = P1^2;   // E (Enable)
   6          
   7          void delay_ms(unsigned int times)
   8          {
   9   1          unsigned int i, j;
  10   1          for (i = 0; i < times; i++) {
  11   2              for (j = 0; j < 120; j++) {  // 调整循环次数以提高延时精度
  12   3                  // 空循环，用于产生延时
  13   3              }
  14   2          }
  15   1      }
  16          
  17          
  18          // 写命令到LCD
  19          void wrc(uint8 c)
  20          {
  21   1          rs = 0;      // 选择指令寄存器
  22   1          rw = 0;      // 选择写操作
  23   1          e = 0;       // 使能低电平
  24   1          P0 = c;      // 将命令写到P0端口
  25   1          e = 1;       // 使能高电平，表示命令有效
  26   1          delay_ms(2);  // 延时
  27   1          e = 0;       // 使能低电平
  28   1          delay_ms(2);  // 延时，确保命令被处理
  29   1      }
  30          
  31          // 写数据到LCD
  32          void wrd(uint8 dat)
  33          {
  34   1          rs = 1;      // 选择数据寄存器
  35   1          rw = 0;      // 选择写操作
  36   1          e = 0;       // 使能低电平
  37   1          P0 = dat;    // 将数据写到P0端口
  38   1          e = 1;       // 使能高电平
  39   1          delay_ms(2);  // 延时
  40   1          e = 0;       // 使能低电平
  41   1          delay_ms(2);  // 延时
  42   1      }
  43          
  44          // 初始化LCD
  45          void init()
  46          {
  47   1          delay_ms(20);  // 等待LCD稳定启动
  48   1          wrc(0x38);  // 设置为8位模式，2行显示
  49   1          wrc(0x06);  // 输入数据时，光标向右移动
  50   1          wrc(0x0C);  // 开启显示，关闭光标
  51   1          wrc(0x01);  // 清屏命令
  52   1          delay_ms(20); // 清屏需要较长时间
  53   1      }
  54          
C51 COMPILER V9.57.0.0   LCD1602                                                           11/13/2024 15:15:50 PAGE 2   

  55          // 更新LCD显示内容
  56          void display(uint8 arr[3])
  57          {
  58   1          uint8 i;
  59   1          wrc(0x80);  // 将光标定位到第一行开始位置
  60   1          for (i = 0; i < 3; i++) {
  61   2              wrd(arr[i]);  // 写数据到LCD
  62   2          }
  63   1      }


MODULE INFORMATION:   STATIC OVERLAYABLE
   CODE SIZE        =    141    ----
   CONSTANT SIZE    =   ----    ----
   XDATA SIZE       =   ----    ----
   PDATA SIZE       =   ----    ----
   DATA SIZE        =   ----       4
   IDATA SIZE       =   ----    ----
   BIT SIZE         =   ----    ----
END OF MODULE INFORMATION.


C51 COMPILATION COMPLETE.  0 WARNING(S),  0 ERROR(S)
