C51 COMPILER V9.57.0.0   MAIN                                                              12/17/2024 15:34:51 PAGE 1   


C51 COMPILER V9.57.0.0, COMPILATION OF MODULE MAIN
OBJECT MODULE PLACED IN .\Objects\main.obj
COMPILER INVOKED BY: E:\Keil_v5\C51\BIN\C51.EXE main.c OPTIMIZE(8,SPEED) BROWSE DEBUG OBJECTEXTEND PRINT(.\Listings\main
                    -.lst) OBJECT(.\Objects\main.obj)

line level    source

   1          #include <reg52.h>
   2          #include <lcd1602.h>
   3          
   4          
   5          uint8 arr[3];  // 用于存储显示的字符
   6          
   7          
   8          unsigned char time = 0;    // 分
   9          unsigned char time_point = 0;  // 秒
  10          unsigned int i, j;
  11          
  12          void timer() interrupt 1
  13          {
  14   1          i++;
  15   1          if (i == 2)  // 每计数到2时更新一次时间
  16   1          {
  17   2              i = 0;
  18   2              time_point++;
  19   2              if (time_point == 10)  // 秒达到10后归零
  20   2              {
  21   3                  time_point = 0;
  22   3                  time++;
  23   3              }
  24   2              if (time == 10)  // 分达到10后归零
  25   2              {
  26   3                  time = 0;
  27   3              }
  28   2          }
  29   1      
  30   1          // 将分钟和秒数转换为ASCII字符，更新显示内容
  31   1          arr[0] = time + 0x30;   // 将分钟转为字符
  32   1          arr[1] = 0x2E;          // 用"."分隔
  33   1          arr[2] = time_point + 0x30;  // 将秒数转为字符
  34   1      }
  35          void main()
  36          {
  37   1          EA = 1; 
  38   1              
  39   1          TMOD = 0x01; 
  40   1          TH0 = 0x0B;  
  41   1          TL0 = 0xDC;   
  42   1              
  43   1          ET0 = 1; 
  44   1          TR0 = 1; 
  45   1      
  46   1          init();  // 初始化LCD显示
  47   1      
  48   1          while(1)
  49   1          {
  50   2              display(arr);  // 更新LCD显示
  51   2          }
  52   1      }
  53          

C51 COMPILER V9.57.0.0   MAIN                                                              12/17/2024 15:34:51 PAGE 2   


MODULE INFORMATION:   STATIC OVERLAYABLE
   CODE SIZE        =     91    ----
   CONSTANT SIZE    =   ----    ----
   XDATA SIZE       =   ----    ----
   PDATA SIZE       =   ----    ----
   DATA SIZE        =      9    ----
   IDATA SIZE       =   ----    ----
   BIT SIZE         =   ----    ----
END OF MODULE INFORMATION.


C51 COMPILATION COMPLETE.  0 WARNING(S),  0 ERROR(S)
