C51 COMPILER V9.57.0.0   MAIN                                                              11/06/2024 17:46:45 PAGE 1   


C51 COMPILER V9.57.0.0, COMPILATION OF MODULE MAIN
OBJECT MODULE PLACED IN .\Objects\main.obj
COMPILER INVOKED BY: E:\Keil_v5\C51\BIN\C51.EXE main.c OPTIMIZE(8,SPEED) BROWSE DEBUG OBJECTEXTEND PRINT(.\Listings\main
                    -.lst) OBJECT(.\Objects\main.obj)

line level    source

   1          #include <REGX52.H>
   2          #include <INTRINS.H>
   3          unsigned char code ShowNum[] = {0xC0, 0xF9, 0xA4, 0xB0, 0x99, 0x92, 0x82, 0xF8, 0x80, 0x90};
   4          /*
   5          数码表编码对应关系：
   6            0: 0xC0
   7            1: 0xF9
   8            2: 0xA4
   9            3: 0xB0
  10            4: 0x99
  11            5: 0x92
  12            6: 0x82
  13            7: 0xF8
  14            8: 0x80
  15            9: 0x90
  16          */
  17          void delay_ms(unsigned int time);
  18          
  19          void main()
  20          {
  21   1              unsigned int j;
  22   1              P2 = 0x01;  // 初始化P2口
  23   1              while(1)
  24   1              {
  25   2                      for(j = 0; j < 8; j++)
  26   2                      {
  27   3                              P2 = 0x01;  // 重新初始化P2，开始选通第一个数码管
  28   3                              P2 = _crol_(P2, j);  // 循环左移，选通相应的数码管
  29   3                              P3_7 = 1;  // 产生锁存信号，高电平
  30   3                              P3_7 = 0;  // 锁存信号恢复为低电平
  31   3      
  32   3                              P2 = ShowNum[j];  // 显示编码，输出到P2口
  33   3                              P3_6 = 1;  // 产生显示信号，高电平
  34   3                              P3_6 = 0;  // 显示信号恢复为低电平
  35   3                              delay_ms(1);  // 短延时实现视觉暂留效果
  36   3                      }
  37   2              }
  38   1      }
  39          
  40          void delay_ms(unsigned int time)
  41          {
  42   1              unsigned int i, j;
  43   1              for (i = 0; i < time; i++) 
  44   1              {
  45   2                      for (j = 0; j < 123; j++) 
  46   2                      {
  47   3                              // 空循环，用于产生延时
  48   3                      }
  49   2              }
  50   1      }


MODULE INFORMATION:   STATIC OVERLAYABLE
   CODE SIZE        =    106    ----
C51 COMPILER V9.57.0.0   MAIN                                                              11/06/2024 17:46:45 PAGE 2   

   CONSTANT SIZE    =     10    ----
   XDATA SIZE       =   ----    ----
   PDATA SIZE       =   ----    ----
   DATA SIZE        =   ----       2
   IDATA SIZE       =   ----    ----
   BIT SIZE         =   ----    ----
END OF MODULE INFORMATION.


C51 COMPILATION COMPLETE.  0 WARNING(S),  0 ERROR(S)
