C51 COMPILER V9.57.0.0   MAIN                                                              01/03/2025 16:46:29 PAGE 1   


C51 COMPILER V9.57.0.0, COMPILATION OF MODULE MAIN
OBJECT MODULE PLACED IN .\Objects\main.obj
COMPILER INVOKED BY: E:\Keil_v5\C51\BIN\C51.EXE main.c OPTIMIZE(8,SPEED) BROWSE DEBUG OBJECTEXTEND PRINT(.\Listings\main
                    -.lst) OBJECT(.\Objects\main.obj)

line level    source

   1          #include <reg51.h>
   2          #include <INTRINS.H>
   3          
   4          sbit key = P3^2;
   5          unsigned int flag = 0;
   6          void delay(unsigned int time);
   7          // 外部中断0服务程序
   8          
   9          void int0() interrupt 0 {
  10   1          while (!key) {  // 检查按键是否按下
  11   2              P0 = 0x00;  // 使所有LED全亮
  12   2              delay(500);  // 延时
  13   2          }
  14   1              if(key) flag = 1;
  15   1      }
  16          
  17          int main() {
  18   1          EA = 1;  
  19   1          IT0 = 1;  
  20   1          EX0 = 1;  
  21   1          
  22   1              P0 = 0x0e;    // 1111 1110
  23   1          while (1) {
  24   2                      //逻辑标志位
  25   2                      if(flag == 1){
  26   3                              P0 = 0x0e;
  27   3                              flag = 0;
  28   3                      }
  29   2              P0 = _crol_(P0, 1);  // 循环左移一位
  30   2              delay(300); 
  31   2          }
  32   1      }
  33          
  34          void delay(unsigned int time){
  35   1                      unsigned int i, j;
  36   1                      for (i = 0; i < time; i++) {
  37   2              for (j = 0; j < 123; j++) {
  38   3                                              
  39   3              }
  40   2          }
  41   1      }


MODULE INFORMATION:   STATIC OVERLAYABLE
   CODE SIZE        =    158    ----
   CONSTANT SIZE    =   ----    ----
   XDATA SIZE       =   ----    ----
   PDATA SIZE       =   ----    ----
   DATA SIZE        =      2    ----
   IDATA SIZE       =   ----    ----
   BIT SIZE         =   ----    ----
END OF MODULE INFORMATION.


C51 COMPILATION COMPLETE.  0 WARNING(S),  0 ERROR(S)
