C51 COMPILER V9.57.0.0   MAIN                                                              11/10/2024 14:40:01 PAGE 1   


C51 COMPILER V9.57.0.0, COMPILATION OF MODULE MAIN
OBJECT MODULE PLACED IN .\Objects\main.obj
COMPILER INVOKED BY: E:\Keil_v5\C51\BIN\C51.EXE main.c OPTIMIZE(8,SPEED) BROWSE DEBUG OBJECTEXTEND PRINT(.\Listings\main
                    -.lst) OBJECT(.\Objects\main.obj)

line level    source

   1          #include <REGX52.H>
   2          #include <INTRINS.H>
   3          
   4          unsigned int i=0;
   5          void delay_ms(unsigned int time);
   6          void main()
   7          {
   8   1              TMOD=0x01;
   9   1              TH0=0xff;
  10   1              TL0=0x00;
  11   1              EA=1;
  12   1              ET0=1;
  13   1              TR0=1;
  14   1                      while(1)
  15   1              {
  16   2      
  17   2              }
  18   1      }
  19          
  20          void timer() interrupt 1{
  21   1              TH0=0x4c;
  22   1              TL0=0x00;
  23   1              P0=_crol_(0xfe,i);
  24   1              i++;
  25   1              TR0=1;
  26   1      }
  27          void delay_ms(unsigned int time){
  28   1                      unsigned int i, j;
  29   1                      for (i = 0; i < time; i++) {
  30   2              for (j = 0; j < 123; j++) {
  31   3                                              
  32   3                  // 空循环，用于产生延时
  33   3              }
  34   2          }
  35   1      }


MODULE INFORMATION:   STATIC OVERLAYABLE
   CODE SIZE        =     98    ----
   CONSTANT SIZE    =   ----    ----
   XDATA SIZE       =   ----    ----
   PDATA SIZE       =   ----    ----
   DATA SIZE        =      2    ----
   IDATA SIZE       =   ----    ----
   BIT SIZE         =   ----    ----
END OF MODULE INFORMATION.


C51 COMPILATION COMPLETE.  0 WARNING(S),  0 ERROR(S)
