C51 COMPILER V9.57.0.0   MAIN                                                              11/14/2024 14:53:17 PAGE 1   


C51 COMPILER V9.57.0.0, COMPILATION OF MODULE MAIN
OBJECT MODULE PLACED IN .\Objects\main.obj
COMPILER INVOKED BY: E:\Keil_v5\C51\BIN\C51.EXE main.c OPTIMIZE(8,SPEED) BROWSE DEBUG OBJECTEXTEND PRINT(.\Listings\main
                    -.lst) OBJECT(.\Objects\main.obj)

line level    source

   1          #include <REGX52.H>
   2          #include <INTRINS.H>
   3          
   4          unsigned char code ShowNum[] = {0xc0, 0xf9, 0xa4, 0xb0, 0x99, 0x92, 0x82, 0xf8, 0x80, 0x90, 0x88, 0x83, 0x
             -c6, 0xa1, 0x86, 0x8e};
   5          
   6          /*
   7          数码表编码对应关系：
   8            0: 0xC0
   9            1: 0xF9
  10            2: 0xA4
  11            3: 0xB0
  12            4: 0x99
  13            5: 0x92
  14            6: 0x82
  15            7: 0xF8
  16            8: 0x80
  17            9: 0x90
  18          a-f:0x88,0x83,0xc6,0xa1,0x86,0x8e
  19          */
  20          
  21          void SendStr(unsigned char *s);
  22          unsigned int temp[3];
  23          
  24          void InitUART(void) {
  25   1          PCON &= 0x7F;               //波特率不倍速
  26   1              SCON = 0x50;            //8位数据,可变波特率
  27   1              TMOD &= 0x0F;           //清除定时器1模式位
  28   1              TMOD |= 0x20;           //设定定时器1为8位自动重装方式
  29   1              TL1 = 0xFD;                     //设定定时初值
  30   1              TH1 = 0xFD;                     //设定定时器重装值              
  31   1              TR1 = 1;                        //启动定时器1
  32   1              ET1 = 0;                //禁止定时器1中断
  33   1              EA=1;                           //开放总中断 
  34   1              ES=1;                           //开放串口中断
  35   1      }
  36          
  37          void weichoice(unsigned int i, unsigned int j) {
  38   1          P3_7 = 0;
  39   1          P3_6 = 0;
  40   1          if (i > 7) i = i % 8;
  41   1          P2 = _crol_(0x01, i);
  42   1          P3_7 = 1;
  43   1          P3_7 = 0;
  44   1          P2 = ShowNum[j];
  45   1          P3_6 = 1;
  46   1          P3_6 = 0;
  47   1      }
  48          
  49          void tempcount(unsigned int k) {
  50   1          // 确保 k 在 0 - 99 范围内，拆分百、十、个位
  51   1          temp[0] = k / 100;  // 百位
  52   1          temp[1] = (k / 10) % 10; // 十位
  53   1          temp[2] = k % 10;  // 个位
C51 COMPILER V9.57.0.0   MAIN                                                              11/14/2024 14:53:17 PAGE 2   

  54   1      }
  55          
  56          void Delay(unsigned int i) {
  57   1          unsigned int j;
  58   1          for (; i > 0; i--) {
  59   2              for (j = 0; j < 125; j++) {}
  60   2          }
  61   1      }
  62          
  63          void main(void) {
  64   1          InitUART();
  65   1          SendStr("Hello");
  66   1      
  67   1          ES = 1;
  68   1          while (1) {
  69   2              unsigned int a;
  70   2              for (a = 0; a < 3; a++) {
  71   3                  weichoice(a, temp[a]);
  72   3                  Delay(2);
  73   3              }
  74   2          }
  75   1      }
  76          
  77          void SendByte(unsigned char dat) {
  78   1          SBUF = dat;
  79   1          while (!TI);
  80   1          TI = 0;
  81   1      }
  82          
  83          void SendStr(unsigned char *s) {
  84   1          while (*s != '\0') { // 发送字符串
  85   2              SendByte(*s);
  86   2              s++;
  87   2          }
  88   1      }
  89          
  90          void UART_SER(void) interrupt 4 {
  91   1          unsigned char Temp;
  92   1          unsigned char temp0;
  93   1      
  94   1          if (RI) {
  95   2              RI = 0;
  96   2              Temp = SBUF; // 接收到的数据
  97   2              SBUF = Temp; // 串口回显
  98   2              temp0 = Temp; // 临时存储接收到的字节
  99   2              tempcount(temp0); // 更新 temp 数组
 100   2          }
 101   1          if (TI) {
 102   2              TI = 0;
 103   2          }
 104   1      }
 105          //void UART_ISR() interrupt 4//串口中断函数
 106          //{
 107          //      if(RI==1)//接收中断
 108          //      {
 109          //              SendByte(SBUF);//把接收的数据发送到计算机
 110          //              RI=0;//软件清零
 111          //      }
 112          //}


MODULE INFORMATION:   STATIC OVERLAYABLE
C51 COMPILER V9.57.0.0   MAIN                                                              11/14/2024 14:53:17 PAGE 3   

   CODE SIZE        =    319    ----
   CONSTANT SIZE    =     22    ----
   XDATA SIZE       =   ----    ----
   PDATA SIZE       =   ----    ----
   DATA SIZE        =      6       2
   IDATA SIZE       =   ----    ----
   BIT SIZE         =   ----    ----
END OF MODULE INFORMATION.


C51 COMPILATION COMPLETE.  0 WARNING(S),  0 ERROR(S)
